<?xml version="1.0" encoding="UTF-8"?>
<!-- Generated by org.testng.reporters.JUnitReportReporter -->
<testsuite hostname="Tauheed" failures="0" tests="1" name="com.Actitime.testscript.Assert1" time="6.729" errors="0" timestamp="2023-02-21T09:39:22 IST" skipped="0">
  <testcase classname="com.Actitime.testscript.Assert1" name="demoassertion" time="6.729"/>
  <system-out/>
</testsuite> <!-- com.Actitime.testscript.Assert1 -->
