<?xml version="1.0" encoding="UTF-8"?>
<!-- Generated by org.testng.reporters.JUnitReportReporter -->
<testsuite hostname="Tauheed" failures="0" tests="1" name="com.Actitime.testscript.Assert3" time="21.023" errors="0" timestamp="2023-02-21T09:57:52 IST" skipped="0">
  <testcase classname="com.Actitime.testscript.Assert3" name="demoassertion" time="21.023"/>
  <system-out/>
</testsuite> <!-- com.Actitime.testscript.Assert3 -->
